[2025-05-22T02:03:05.119+0000] {manager.py:470} INFO - Processing files using up to 2 processes at a time 
[2025-05-22T02:03:05.180+0000] {manager.py:471} INFO - Process each file at most once every 30 seconds
[2025-05-22T02:03:05.182+0000] {manager.py:472} INFO - Checking for new files in /opt/airflow/dags every 300 seconds
[2025-05-22T02:03:05.184+0000] {manager.py:737} INFO - Searching for files in /opt/airflow/dags
[2025-05-22T02:03:05.187+0000] {manager.py:740} INFO - There are 0 files in /opt/airflow/dags
[2025-05-22T02:08:05.423+0000] {manager.py:737} INFO - Searching for files in /opt/airflow/dags
[2025-05-22T02:08:05.428+0000] {manager.py:740} INFO - There are 0 files in /opt/airflow/dags
[2025-05-22T02:10:26.030+0000] {manager.py:470} INFO - Processing files using up to 2 processes at a time 
[2025-05-22T02:10:26.031+0000] {manager.py:471} INFO - Process each file at most once every 30 seconds
[2025-05-22T02:10:26.032+0000] {manager.py:472} INFO - Checking for new files in /opt/airflow/dags every 300 seconds
[2025-05-22T02:10:26.033+0000] {manager.py:737} INFO - Searching for files in /opt/airflow/dags
[2025-05-22T02:10:26.035+0000] {manager.py:740} INFO - There are 0 files in /opt/airflow/dags
[2025-05-22T02:12:57.403+0000] {manager.py:452} INFO - Exiting gracefully upon receiving signal 15
[2025-05-22T02:36:41.256+0000] {manager.py:470} INFO - Processing files using up to 2 processes at a time 
[2025-05-22T02:36:41.551+0000] {manager.py:471} INFO - Process each file at most once every 30 seconds
[2025-05-22T02:36:41.552+0000] {manager.py:472} INFO - Checking for new files in /opt/airflow/dags every 300 seconds
[2025-05-22T02:36:41.554+0000] {manager.py:737} INFO - Searching for files in /opt/airflow/dags
[2025-05-22T02:36:41.557+0000] {manager.py:740} INFO - There are 0 files in /opt/airflow/dags
[2025-05-22T02:41:42.048+0000] {manager.py:737} INFO - Searching for files in /opt/airflow/dags
[2025-05-22T02:41:42.058+0000] {manager.py:740} INFO - There are 0 files in /opt/airflow/dags
[2025-05-22T02:46:42.052+0000] {manager.py:737} INFO - Searching for files in /opt/airflow/dags
[2025-05-22T02:46:42.057+0000] {manager.py:740} INFO - There are 0 files in /opt/airflow/dags
[2025-05-22T02:51:42.844+0000] {manager.py:737} INFO - Searching for files in /opt/airflow/dags
[2025-05-22T02:51:42.849+0000] {manager.py:740} INFO - There are 0 files in /opt/airflow/dags
[2025-05-22T02:56:43.116+0000] {manager.py:737} INFO - Searching for files in /opt/airflow/dags
[2025-05-22T02:56:43.121+0000] {manager.py:740} INFO - There are 0 files in /opt/airflow/dags
[2025-05-22T03:01:43.619+0000] {manager.py:737} INFO - Searching for files in /opt/airflow/dags
[2025-05-22T03:01:43.623+0000] {manager.py:740} INFO - There are 0 files in /opt/airflow/dags
[2025-05-22T03:01:56.298+0000] {manager.py:452} INFO - Exiting gracefully upon receiving signal 15
[2025-05-22T03:19:27.841+0000] {manager.py:470} INFO - Processing files using up to 2 processes at a time 
[2025-05-22T03:19:28.149+0000] {manager.py:471} INFO - Process each file at most once every 30 seconds
[2025-05-22T03:19:28.150+0000] {manager.py:472} INFO - Checking for new files in /opt/airflow/dags every 300 seconds
[2025-05-22T03:19:28.152+0000] {manager.py:737} INFO - Searching for files in /opt/airflow/dags
[2025-05-22T03:19:28.155+0000] {manager.py:740} INFO - There are 0 files in /opt/airflow/dags
[2025-05-22T03:20:28.151+0000] {manager.py:452} INFO - Exiting gracefully upon receiving signal 15
[2025-05-22T03:29:43.693+0000] {manager.py:470} INFO - Processing files using up to 2 processes at a time 
[2025-05-22T03:29:43.694+0000] {manager.py:471} INFO - Process each file at most once every 30 seconds
[2025-05-22T03:29:43.696+0000] {manager.py:472} INFO - Checking for new files in /opt/airflow/dags every 300 seconds
[2025-05-22T03:29:43.697+0000] {manager.py:737} INFO - Searching for files in /opt/airflow/dags
[2025-05-22T03:29:43.699+0000] {manager.py:740} INFO - There are 0 files in /opt/airflow/dags
[2025-05-22T03:35:44.047+0000] {manager.py:470} INFO - Processing files using up to 2 processes at a time 
[2025-05-22T03:35:44.048+0000] {manager.py:471} INFO - Process each file at most once every 30 seconds
[2025-05-22T03:35:44.049+0000] {manager.py:472} INFO - Checking for new files in /opt/airflow/dags every 300 seconds
[2025-05-22T03:35:44.050+0000] {manager.py:737} INFO - Searching for files in /opt/airflow/dags
[2025-05-22T03:35:44.053+0000] {manager.py:740} INFO - There are 0 files in /opt/airflow/dags
[2025-05-22T03:38:17.733+0000] {manager.py:452} INFO - Exiting gracefully upon receiving signal 15
[2025-05-22T03:39:14.732+0000] {manager.py:470} INFO - Processing files using up to 2 processes at a time 
[2025-05-22T03:39:14.734+0000] {manager.py:471} INFO - Process each file at most once every 30 seconds
[2025-05-22T03:39:14.735+0000] {manager.py:472} INFO - Checking for new files in /opt/airflow/dags every 300 seconds
[2025-05-22T03:39:14.736+0000] {manager.py:737} INFO - Searching for files in /opt/airflow/dags
[2025-05-22T03:39:14.739+0000] {manager.py:740} INFO - There are 0 files in /opt/airflow/dags
[2025-05-22T03:44:15.698+0000] {manager.py:737} INFO - Searching for files in /opt/airflow/dags
[2025-05-22T03:44:15.709+0000] {manager.py:740} INFO - There are 0 files in /opt/airflow/dags
[2025-05-22T03:49:16.693+0000] {manager.py:737} INFO - Searching for files in /opt/airflow/dags
[2025-05-22T03:49:16.696+0000] {manager.py:740} INFO - There are 0 files in /opt/airflow/dags
[2025-05-22T03:54:17.029+0000] {manager.py:737} INFO - Searching for files in /opt/airflow/dags
[2025-05-22T03:54:17.035+0000] {manager.py:740} INFO - There are 0 files in /opt/airflow/dags
[2025-05-22T03:59:17.275+0000] {manager.py:737} INFO - Searching for files in /opt/airflow/dags
[2025-05-22T03:59:17.279+0000] {manager.py:740} INFO - There are 0 files in /opt/airflow/dags
[2025-05-22T04:04:17.805+0000] {manager.py:737} INFO - Searching for files in /opt/airflow/dags
[2025-05-22T04:04:17.815+0000] {manager.py:740} INFO - There are 0 files in /opt/airflow/dags
[2025-05-22T04:09:18.552+0000] {manager.py:737} INFO - Searching for files in /opt/airflow/dags
[2025-05-22T04:09:18.562+0000] {manager.py:740} INFO - There are 0 files in /opt/airflow/dags
[2025-05-22T04:14:19.036+0000] {manager.py:737} INFO - Searching for files in /opt/airflow/dags
[2025-05-22T04:14:19.039+0000] {manager.py:740} INFO - There are 0 files in /opt/airflow/dags
[2025-05-22T04:19:19.278+0000] {manager.py:737} INFO - Searching for files in /opt/airflow/dags
[2025-05-22T04:19:19.283+0000] {manager.py:740} INFO - There are 0 files in /opt/airflow/dags
[2025-05-22T04:24:19.485+0000] {manager.py:737} INFO - Searching for files in /opt/airflow/dags
[2025-05-22T04:24:19.489+0000] {manager.py:740} INFO - There are 0 files in /opt/airflow/dags
[2025-05-22T04:29:19.689+0000] {manager.py:737} INFO - Searching for files in /opt/airflow/dags
[2025-05-22T04:29:19.694+0000] {manager.py:740} INFO - There are 0 files in /opt/airflow/dags
[2025-05-22T04:34:19.912+0000] {manager.py:737} INFO - Searching for files in /opt/airflow/dags
[2025-05-22T04:34:19.917+0000] {manager.py:740} INFO - There are 0 files in /opt/airflow/dags
[2025-05-22T04:39:20.124+0000] {manager.py:737} INFO - Searching for files in /opt/airflow/dags
[2025-05-22T04:39:20.133+0000] {manager.py:740} INFO - There are 0 files in /opt/airflow/dags
[2025-05-22T04:44:20.324+0000] {manager.py:737} INFO - Searching for files in /opt/airflow/dags
[2025-05-22T04:44:20.329+0000] {manager.py:740} INFO - There are 0 files in /opt/airflow/dags
[2025-05-22T04:49:20.522+0000] {manager.py:737} INFO - Searching for files in /opt/airflow/dags
[2025-05-22T04:49:20.527+0000] {manager.py:740} INFO - There are 0 files in /opt/airflow/dags
[2025-05-22T04:54:20.771+0000] {manager.py:737} INFO - Searching for files in /opt/airflow/dags
[2025-05-22T04:54:20.775+0000] {manager.py:740} INFO - There are 0 files in /opt/airflow/dags
[2025-05-22T04:59:20.996+0000] {manager.py:737} INFO - Searching for files in /opt/airflow/dags
[2025-05-22T04:59:21.000+0000] {manager.py:740} INFO - There are 0 files in /opt/airflow/dags
[2025-05-22T06:51:09.952+0000] {manager.py:470} INFO - Processing files using up to 2 processes at a time 
[2025-05-22T06:51:09.985+0000] {manager.py:471} INFO - Process each file at most once every 30 seconds
[2025-05-22T06:51:09.986+0000] {manager.py:472} INFO - Checking for new files in /opt/airflow/dags every 300 seconds
[2025-05-22T06:51:09.987+0000] {manager.py:737} INFO - Searching for files in /opt/airflow/dags
[2025-05-22T06:51:09.990+0000] {manager.py:740} INFO - There are 0 files in /opt/airflow/dags
[2025-05-22T06:56:10.831+0000] {manager.py:737} INFO - Searching for files in /opt/airflow/dags
[2025-05-22T06:56:10.848+0000] {manager.py:740} INFO - There are 0 files in /opt/airflow/dags
[2025-05-22T07:01:10.903+0000] {manager.py:737} INFO - Searching for files in /opt/airflow/dags
[2025-05-22T07:01:10.933+0000] {manager.py:740} INFO - There are 0 files in /opt/airflow/dags
[2025-05-22T07:06:11.229+0000] {manager.py:737} INFO - Searching for files in /opt/airflow/dags
[2025-05-22T07:06:11.233+0000] {manager.py:740} INFO - There are 0 files in /opt/airflow/dags
[2025-05-22T07:11:11.551+0000] {manager.py:737} INFO - Searching for files in /opt/airflow/dags
[2025-05-22T07:11:11.563+0000] {manager.py:740} INFO - There are 0 files in /opt/airflow/dags
[2025-05-22T07:16:12.348+0000] {manager.py:737} INFO - Searching for files in /opt/airflow/dags
[2025-05-22T07:16:12.358+0000] {manager.py:740} INFO - There are 0 files in /opt/airflow/dags
[2025-05-22T07:21:12.701+0000] {manager.py:737} INFO - Searching for files in /opt/airflow/dags
[2025-05-22T07:21:12.704+0000] {manager.py:740} INFO - There are 0 files in /opt/airflow/dags
[2025-05-22T07:24:08.191+0000] {manager.py:452} INFO - Exiting gracefully upon receiving signal 15
[2025-05-22T07:39:02.977+0000] {manager.py:470} INFO - Processing files using up to 2 processes at a time 
[2025-05-22T07:39:02.977+0000] {manager.py:471} INFO - Process each file at most once every 30 seconds
[2025-05-22T07:39:02.979+0000] {manager.py:472} INFO - Checking for new files in /opt/airflow/dags every 300 seconds
[2025-05-22T07:39:02.979+0000] {manager.py:737} INFO - Searching for files in /opt/airflow/dags
[2025-05-22T07:39:02.982+0000] {manager.py:740} INFO - There are 0 files in /opt/airflow/dags
[2025-05-22T07:44:03.381+0000] {manager.py:737} INFO - Searching for files in /opt/airflow/dags
[2025-05-22T07:44:03.390+0000] {manager.py:740} INFO - There are 0 files in /opt/airflow/dags
[2025-05-22T07:49:04.006+0000] {manager.py:737} INFO - Searching for files in /opt/airflow/dags
[2025-05-22T07:49:04.010+0000] {manager.py:740} INFO - There are 0 files in /opt/airflow/dags
[2025-05-22T07:53:56.093+0000] {manager.py:470} INFO - Processing files using up to 2 processes at a time 
[2025-05-22T07:53:56.094+0000] {manager.py:471} INFO - Process each file at most once every 30 seconds
[2025-05-22T07:53:56.095+0000] {manager.py:472} INFO - Checking for new files in /opt/airflow/dags every 300 seconds
[2025-05-22T07:53:56.098+0000] {manager.py:737} INFO - Searching for files in /opt/airflow/dags
[2025-05-22T07:53:56.100+0000] {manager.py:740} INFO - There are 0 files in /opt/airflow/dags
[2025-05-22T07:58:56.441+0000] {manager.py:737} INFO - Searching for files in /opt/airflow/dags
[2025-05-22T07:58:56.445+0000] {manager.py:740} INFO - There are 0 files in /opt/airflow/dags
[2025-05-22T08:03:56.652+0000] {manager.py:737} INFO - Searching for files in /opt/airflow/dags
[2025-05-22T08:03:56.656+0000] {manager.py:740} INFO - There are 0 files in /opt/airflow/dags
[2025-05-22T08:06:18.751+0000] {manager.py:452} INFO - Exiting gracefully upon receiving signal 15
[2025-05-22T08:07:33.847+0000] {manager.py:470} INFO - Processing files using up to 2 processes at a time 
[2025-05-22T08:07:33.848+0000] {manager.py:471} INFO - Process each file at most once every 30 seconds
[2025-05-22T08:07:33.850+0000] {manager.py:472} INFO - Checking for new files in /opt/airflow/dags every 300 seconds
[2025-05-22T08:07:33.851+0000] {manager.py:737} INFO - Searching for files in /opt/airflow/dags
[2025-05-22T08:07:33.854+0000] {manager.py:740} INFO - There are 0 files in /opt/airflow/dags
[2025-05-22T08:12:34.470+0000] {manager.py:737} INFO - Searching for files in /opt/airflow/dags
[2025-05-22T08:12:34.473+0000] {manager.py:740} INFO - There are 0 files in /opt/airflow/dags
[2025-05-22T08:17:34.659+0000] {manager.py:737} INFO - Searching for files in /opt/airflow/dags
[2025-05-22T08:17:34.662+0000] {manager.py:740} INFO - There are 0 files in /opt/airflow/dags
[2025-05-22T08:22:34.949+0000] {manager.py:737} INFO - Searching for files in /opt/airflow/dags
[2025-05-22T08:22:34.952+0000] {manager.py:740} INFO - There are 0 files in /opt/airflow/dags
[2025-05-22T08:23:39.787+0000] {manager.py:452} INFO - Exiting gracefully upon receiving signal 15
[2025-05-22T08:24:34.109+0000] {manager.py:470} INFO - Processing files using up to 2 processes at a time 
[2025-05-22T08:24:34.111+0000] {manager.py:471} INFO - Process each file at most once every 30 seconds
[2025-05-22T08:24:34.112+0000] {manager.py:472} INFO - Checking for new files in /opt/airflow/dags every 300 seconds
[2025-05-22T08:24:34.113+0000] {manager.py:737} INFO - Searching for files in /opt/airflow/dags
[2025-05-22T08:24:34.116+0000] {manager.py:740} INFO - There are 0 files in /opt/airflow/dags
[2025-05-22T08:29:34.873+0000] {manager.py:737} INFO - Searching for files in /opt/airflow/dags
[2025-05-22T08:29:34.879+0000] {manager.py:740} INFO - There are 0 files in /opt/airflow/dags
[2025-05-22T08:34:35.769+0000] {manager.py:737} INFO - Searching for files in /opt/airflow/dags
[2025-05-22T08:34:35.782+0000] {manager.py:740} INFO - There are 0 files in /opt/airflow/dags
[2025-05-22T08:37:17.054+0000] {manager.py:452} INFO - Exiting gracefully upon receiving signal 15
