[2025-05-14T02:21:41.998+0000] {manager.py:470} INFO - Processing files using up to 2 processes at a time 
[2025-05-14T02:21:42.000+0000] {manager.py:471} INFO - Process each file at most once every 30 seconds
[2025-05-14T02:21:42.002+0000] {manager.py:472} INFO - Checking for new files in /opt/airflow/dags every 300 seconds
[2025-05-14T02:21:42.002+0000] {manager.py:737} INFO - Searching for files in /opt/airflow/dags
[2025-05-14T02:21:42.004+0000] {manager.py:740} INFO - There are 0 files in /opt/airflow/dags
[2025-05-14T02:26:42.361+0000] {manager.py:737} INFO - Searching for files in /opt/airflow/dags
[2025-05-14T02:26:42.372+0000] {manager.py:740} INFO - There are 0 files in /opt/airflow/dags
[2025-05-14T02:31:42.861+0000] {manager.py:737} INFO - Searching for files in /opt/airflow/dags
[2025-05-14T02:31:42.865+0000] {manager.py:740} INFO - There are 0 files in /opt/airflow/dags
[2025-05-14T02:36:43.111+0000] {manager.py:737} INFO - Searching for files in /opt/airflow/dags
[2025-05-14T02:36:43.116+0000] {manager.py:740} INFO - There are 0 files in /opt/airflow/dags
[2025-05-14T02:41:43.469+0000] {manager.py:737} INFO - Searching for files in /opt/airflow/dags
[2025-05-14T02:41:43.472+0000] {manager.py:740} INFO - There are 0 files in /opt/airflow/dags
[2025-05-14T02:46:43.736+0000] {manager.py:737} INFO - Searching for files in /opt/airflow/dags
[2025-05-14T02:46:43.738+0000] {manager.py:740} INFO - There are 0 files in /opt/airflow/dags
[2025-05-14T02:51:44.009+0000] {manager.py:737} INFO - Searching for files in /opt/airflow/dags
[2025-05-14T02:51:44.013+0000] {manager.py:740} INFO - There are 0 files in /opt/airflow/dags
[2025-05-14T02:56:44.197+0000] {manager.py:737} INFO - Searching for files in /opt/airflow/dags
[2025-05-14T02:56:44.203+0000] {manager.py:740} INFO - There are 0 files in /opt/airflow/dags
[2025-05-14T03:01:44.447+0000] {manager.py:737} INFO - Searching for files in /opt/airflow/dags
[2025-05-14T03:01:44.450+0000] {manager.py:740} INFO - There are 0 files in /opt/airflow/dags
[2025-05-14T03:06:44.862+0000] {manager.py:737} INFO - Searching for files in /opt/airflow/dags
[2025-05-14T03:06:44.866+0000] {manager.py:740} INFO - There are 0 files in /opt/airflow/dags
[2025-05-14T03:11:45.041+0000] {manager.py:737} INFO - Searching for files in /opt/airflow/dags
[2025-05-14T03:11:45.045+0000] {manager.py:740} INFO - There are 0 files in /opt/airflow/dags
[2025-05-14T03:16:45.319+0000] {manager.py:737} INFO - Searching for files in /opt/airflow/dags
[2025-05-14T03:16:45.322+0000] {manager.py:740} INFO - There are 0 files in /opt/airflow/dags
[2025-05-14T03:21:45.527+0000] {manager.py:737} INFO - Searching for files in /opt/airflow/dags
[2025-05-14T03:21:45.532+0000] {manager.py:740} INFO - There are 0 files in /opt/airflow/dags
[2025-05-14T03:26:45.745+0000] {manager.py:737} INFO - Searching for files in /opt/airflow/dags
[2025-05-14T03:26:45.749+0000] {manager.py:740} INFO - There are 0 files in /opt/airflow/dags
[2025-05-14T03:31:45.925+0000] {manager.py:737} INFO - Searching for files in /opt/airflow/dags
[2025-05-14T03:31:45.928+0000] {manager.py:740} INFO - There are 0 files in /opt/airflow/dags
[2025-05-14T03:36:46.118+0000] {manager.py:737} INFO - Searching for files in /opt/airflow/dags
[2025-05-14T03:36:46.122+0000] {manager.py:740} INFO - There are 0 files in /opt/airflow/dags
[2025-05-14T03:41:46.324+0000] {manager.py:737} INFO - Searching for files in /opt/airflow/dags
[2025-05-14T03:41:46.327+0000] {manager.py:740} INFO - There are 0 files in /opt/airflow/dags
[2025-05-14T03:46:46.622+0000] {manager.py:737} INFO - Searching for files in /opt/airflow/dags
[2025-05-14T03:46:46.625+0000] {manager.py:740} INFO - There are 0 files in /opt/airflow/dags
[2025-05-14T03:51:46.889+0000] {manager.py:737} INFO - Searching for files in /opt/airflow/dags
[2025-05-14T03:51:46.914+0000] {manager.py:740} INFO - There are 0 files in /opt/airflow/dags
[2025-05-14T03:56:47.324+0000] {manager.py:737} INFO - Searching for files in /opt/airflow/dags
[2025-05-14T03:56:47.413+0000] {manager.py:740} INFO - There are 0 files in /opt/airflow/dags
[2025-05-14T04:01:48.035+0000] {manager.py:737} INFO - Searching for files in /opt/airflow/dags
[2025-05-14T04:01:48.038+0000] {manager.py:740} INFO - There are 0 files in /opt/airflow/dags
[2025-05-14T04:06:48.239+0000] {manager.py:737} INFO - Searching for files in /opt/airflow/dags
[2025-05-14T04:06:48.241+0000] {manager.py:740} INFO - There are 0 files in /opt/airflow/dags
[2025-05-14T04:07:03.977+0000] {manager.py:452} INFO - Exiting gracefully upon receiving signal 15
